Determining if the pthread_create exist failed with the following output:
Change Dir: /home/zhuoli/camera_test/src/my_robot_nav/build/CMakeFiles/CMakeTmp

Run Build Command:/usr/bin/make "cmTryCompileExec1491909415/fast"
/usr/bin/make -f CMakeFiles/cmTryCompileExec1491909415.dir/build.make CMakeFiles/cmTryCompileExec1491909415.dir/build
make[1]: 正在进入目录 `/home/zhuoli/camera_test/src/my_robot_nav/build/CMakeFiles/CMakeTmp'
/usr/bin/cmake -E cmake_progress_report /home/zhuoli/camera_test/src/my_robot_nav/build/CMakeFiles/CMakeTmp/CMakeFiles 1
Building C object CMakeFiles/cmTryCompileExec1491909415.dir/CheckSymbolExists.c.o
/usr/bin/cc    -o CMakeFiles/cmTryCompileExec1491909415.dir/CheckSymbolExists.c.o   -c /home/zhuoli/camera_test/src/my_robot_nav/build/CMakeFiles/CMakeTmp/CheckSymbolExists.c
Linking C executable cmTryCompileExec1491909415
/usr/bin/cmake -E cmake_link_script CMakeFiles/cmTryCompileExec1491909415.dir/link.txt --verbose=1
/usr/bin/cc       CMakeFiles/cmTryCompileExec1491909415.dir/CheckSymbolExists.c.o  -o cmTryCompileExec1491909415 -rdynamic 
CMakeFiles/cmTryCompileExec1491909415.dir/CheckSymbolExists.c.o：在函数‘main’中：
CheckSymbolExists.c:(.text+0x16)：对‘pthread_create’未定义的引用
collect2: error: ld returned 1 exit status
make[1]: *** [cmTryCompileExec1491909415] 错误 1
make[1]:正在离开目录 `/home/zhuoli/camera_test/src/my_robot_nav/build/CMakeFiles/CMakeTmp'
make: *** [cmTryCompileExec1491909415/fast] 错误 2

File /home/zhuoli/camera_test/src/my_robot_nav/build/CMakeFiles/CMakeTmp/CheckSymbolExists.c:
/* */
#include <pthread.h>

int main(int argc, char** argv)
{
  (void)argv;
#ifndef pthread_create
  return ((int*)(&pthread_create))[argc];
#else
  (void)argc;
  return 0;
#endif
}

Determining if the function pthread_create exists in the pthreads failed with the following output:
Change Dir: /home/zhuoli/camera_test/src/my_robot_nav/build/CMakeFiles/CMakeTmp

Run Build Command:/usr/bin/make "cmTryCompileExec189037725/fast"
/usr/bin/make -f CMakeFiles/cmTryCompileExec189037725.dir/build.make CMakeFiles/cmTryCompileExec189037725.dir/build
make[1]: 正在进入目录 `/home/zhuoli/camera_test/src/my_robot_nav/build/CMakeFiles/CMakeTmp'
/usr/bin/cmake -E cmake_progress_report /home/zhuoli/camera_test/src/my_robot_nav/build/CMakeFiles/CMakeTmp/CMakeFiles 1
Building C object CMakeFiles/cmTryCompileExec189037725.dir/CheckFunctionExists.c.o
/usr/bin/cc   -DCHECK_FUNCTION_EXISTS=pthread_create   -o CMakeFiles/cmTryCompileExec189037725.dir/CheckFunctionExists.c.o   -c /usr/share/cmake-2.8/Modules/CheckFunctionExists.c
Linking C executable cmTryCompileExec189037725
/usr/bin/cmake -E cmake_link_script CMakeFiles/cmTryCompileExec189037725.dir/link.txt --verbose=1
/usr/bin/cc   -DCHECK_FUNCTION_EXISTS=pthread_create    CMakeFiles/cmTryCompileExec189037725.dir/CheckFunctionExists.c.o  -o cmTryCompileExec189037725 -rdynamic -lpthreads 
/usr/bin/ld: 找不到 -lpthreads
collect2: error: ld returned 1 exit status
make[1]: *** [cmTryCompileExec189037725] 错误 1
make[1]:正在离开目录 `/home/zhuoli/camera_test/src/my_robot_nav/build/CMakeFiles/CMakeTmp'
make: *** [cmTryCompileExec189037725/fast] 错误 2


